08:45:47.753 request:
1 > POST https://ztrain-shop.herokuapp.com/auth/login
1 > Accept-Encoding: gzip,deflate
1 > Connection: Keep-Alive
1 > Content-Length: 47
1 > Content-Type: application/json; charset=UTF-8
1 > Host: ztrain-shop.herokuapp.com
1 > User-Agent: Apache-HttpClient/4.5.12 (Java/11.0.9)
{"email":"test@test.com","password":"12345678"}

08:46:00.104 response time in milliseconds: 12344,92
1 < 201
1 < Access-Control-Allow-Origin: *
1 < Connection: keep-alive
1 < Content-Length: 331
1 < Content-Type: application/json; charset=utf-8
1 < Date: Thu, 24 Mar 2022 08:45:57 GMT
1 < Etag: W/"14b-fQQRl2welEY8IR9sHdxj3fGJHfQ"
1 < Server: Cowboy
1 < Via: 1.1 vegur
1 < X-Powered-By: Express
{"user":{"_id":"620f561ae826bc0b18331a6e","createdAt":"2022-02-17T15:14:20.932Z","adress":"douala bassong","age":10,"email":"test@test.com","__v":0},"token":"eyJhbGciOiJIUzI1NiIsInR5cCI6IkpXVCJ9.eyJpZCI6IjYyMGY1NjFhZTgyNmJjMGIxODMzMWE2ZSIsImlhdCI6MTY0ODExMTU1NywiZXhwIjoxNjQ4MTk3OTU3fQ.hDM-Qb7rYu0sw-akp_B79-ha7nbrOy3QfNxwXDxsEKM"}

ODI4MCwiZXhwIjoxNjQ4MTE0NjgwfQ.PNUH1_Jd_5lyvebxUkquuRalsmXOrwN8uomw164yzAE"}

yOnKXUXru41LOhAKFd04"}

